<?xml version="1.0" encoding="UTF-8"?>
<!-- Generated by org.testng.reporters.JUnitReportReporter -->
<testsuite hostname="LAPTOP-K8RE9END" failures="0" tests="33" name="api.tests.user.DDTests" time="40.760" errors="0" timestamp="2024-11-17T16:28:41 IST" skipped="0">
  <testcase classname="api.tests.user.DDTests" name="testPostUser" time="1.075"/>
  <system-out/>
  <testcase classname="api.tests.user.DDTests" name="testPostUser" time="1.069"/>
  <system-out/>
  <testcase classname="api.tests.user.DDTests" name="testPostUser" time="1.136"/>
  <system-out/>
  <testcase classname="api.tests.user.DDTests" name="testPostUser" time="1.020"/>
  <system-out/>
  <testcase classname="api.tests.user.DDTests" name="testPostUser" time="1.121"/>
  <system-out/>
  <testcase classname="api.tests.user.DDTests" name="testPostUser" time="1.065"/>
  <system-out/>
  <testcase classname="api.tests.user.DDTests" name="testPostUser" time="1.071"/>
  <system-out/>
  <testcase classname="api.tests.user.DDTests" name="testPostUser" time="6.420"/>
  <system-out/>
  <testcase classname="api.tests.user.DDTests" name="testPostUser" time="1.136"/>
  <system-out/>
  <testcase classname="api.tests.user.DDTests" name="testPostUser" time="1.040"/>
  <system-out/>
  <testcase classname="api.tests.user.DDTests" name="testPostUser" time="1.047"/>
  <system-out/>
  <testcase classname="api.tests.user.DDTests" name="testGetUserByName" time="1.093"/>
  <system-out/>
  <testcase classname="api.tests.user.DDTests" name="testGetUserByName" time="1.006"/>
  <system-out/>
  <testcase classname="api.tests.user.DDTests" name="testGetUserByName" time="1.025"/>
  <system-out/>
  <testcase classname="api.tests.user.DDTests" name="testGetUserByName" time="1.083"/>
  <system-out/>
  <testcase classname="api.tests.user.DDTests" name="testGetUserByName" time="1.314"/>
  <system-out/>
  <testcase classname="api.tests.user.DDTests" name="testGetUserByName" time="1.098"/>
  <system-out/>
  <testcase classname="api.tests.user.DDTests" name="testGetUserByName" time="1.016"/>
  <system-out/>
  <testcase classname="api.tests.user.DDTests" name="testGetUserByName" time="1.097"/>
  <system-out/>
  <testcase classname="api.tests.user.DDTests" name="testGetUserByName" time="1.051"/>
  <system-out/>
  <testcase classname="api.tests.user.DDTests" name="testGetUserByName" time="1.143"/>
  <system-out/>
  <testcase classname="api.tests.user.DDTests" name="testGetUserByName" time="1.084"/>
  <system-out/>
  <testcase classname="api.tests.user.DDTests" name="testDeleteUserByName" time="1.032"/>
  <system-out/>
  <testcase classname="api.tests.user.DDTests" name="testDeleteUserByName" time="1.110"/>
  <system-out/>
  <testcase classname="api.tests.user.DDTests" name="testDeleteUserByName" time="1.027"/>
  <system-out/>
  <testcase classname="api.tests.user.DDTests" name="testDeleteUserByName" time="1.029"/>
  <system-out/>
  <testcase classname="api.tests.user.DDTests" name="testDeleteUserByName" time="1.053"/>
  <system-out/>
  <testcase classname="api.tests.user.DDTests" name="testDeleteUserByName" time="1.092"/>
  <system-out/>
  <testcase classname="api.tests.user.DDTests" name="testDeleteUserByName" time="1.043"/>
  <system-out/>
  <testcase classname="api.tests.user.DDTests" name="testDeleteUserByName" time="1.060"/>
  <system-out/>
  <testcase classname="api.tests.user.DDTests" name="testDeleteUserByName" time="1.024"/>
  <system-out/>
  <testcase classname="api.tests.user.DDTests" name="testDeleteUserByName" time="1.065"/>
  <system-out/>
  <testcase classname="api.tests.user.DDTests" name="testDeleteUserByName" time="1.015"/>
  <system-out/>
</testsuite> <!-- api.tests.user.DDTests -->
