<?xml version="1.0" encoding="UTF-8"?>
<!-- Generated by org.testng.reporters.JUnitReportReporter -->
<testsuite hostname="LAPTOP-K8RE9END" failures="0" tests="4" name="api.tests.user.UserTestUsingProperies" time="5.404" errors="0" timestamp="2024-11-17T16:28:41 IST" skipped="0">
  <testcase classname="api.tests.user.UserTestUsingProperies" name="testPostUser" time="1.110"/>
  <system-out/>
  <testcase classname="api.tests.user.UserTestUsingProperies" name="testGetUserByName" time="1.068"/>
  <system-out/>
  <testcase classname="api.tests.user.UserTestUsingProperies" name="testUpdateUser" time="2.177"/>
  <system-out/>
  <testcase classname="api.tests.user.UserTestUsingProperies" name="testDeleteUserByName" time="1.049"/>
  <system-out/>
</testsuite> <!-- api.tests.user.UserTestUsingProperies -->
