<?xml version="1.0" encoding="UTF-8"?>
<!-- Generated by org.testng.reporters.JUnitReportReporter -->
<testsuite hostname="LAPTOP-K8RE9END" failures="0" tests="4" name="api.tests.user.UserTest" time="5.340" errors="0" timestamp="2024-11-17T16:28:41 IST" skipped="0">
  <testcase classname="api.tests.user.UserTest" name="testPostUser" time="1.071"/>
  <system-out/>
  <testcase classname="api.tests.user.UserTest" name="testGetUserByName" time="1.029"/>
  <system-out/>
  <testcase classname="api.tests.user.UserTest" name="testUpdateUser" time="2.172"/>
  <system-out/>
  <testcase classname="api.tests.user.UserTest" name="testDeleteUserByName" time="1.068"/>
  <system-out/>
</testsuite> <!-- api.tests.user.UserTest -->
